<?xml version="1.0" encoding="UTF-8"?>
<!-- Generated by org.testng.reporters.JUnitXMLReporter -->
<testsuite ignored="0" hostname="MLLAB01" failures="0" tests="4" name="Surefire test" time="0.029" errors="0" timestamp="2023-10-09T11:37:48 IST">
  <testcase classname="com.lbrce.devopsf.UserVerificationTest" name="testcase1" time="0.007"/>
  <testcase classname="com.lbrce.devopsf.UserVerificationTest" name="testcase2" time="0.0"/>
  <testcase classname="com.lbrce.devopsf.UserVerificationTest" name="testcase3" time="0.0"/>
  <testcase classname="com.lbrce.devopsf.UserVerificationTest" name="testcase4" time="0.0"/>
</testsuite> <!-- Surefire test -->
