<?xml version="1.0" encoding="UTF-8"?>
<testng-results ignored="0" total="4" passed="4" failed="0" skipped="0">
  <reporter-output>
  </reporter-output>
  <suite started-at="2023-10-09T11:37:48 IST" name="Surefire suite" finished-at="2023-10-09T11:37:48 IST" duration-ms="29">
    <groups>
    </groups>
    <test started-at="2023-10-09T11:37:48 IST" name="Surefire test" finished-at="2023-10-09T11:37:48 IST" duration-ms="29">
      <class name="com.lbrce.devopsf.UserVerificationTest">
        <test-method signature="testcase1()[pri:0, instance:com.lbrce.devopsf.UserVerificationTest@d21a74c]" started-at="2023-10-09T11:37:48 IST" name="testcase1" finished-at="2023-10-09T11:37:48 IST" duration-ms="7" status="PASS">
          <reporter-output>
          </reporter-output>
        </test-method> <!-- testcase1 -->
        <test-method signature="testcase2()[pri:0, instance:com.lbrce.devopsf.UserVerificationTest@d21a74c]" started-at="2023-10-09T11:37:48 IST" name="testcase2" finished-at="2023-10-09T11:37:48 IST" duration-ms="0" status="PASS">
          <reporter-output>
          </reporter-output>
        </test-method> <!-- testcase2 -->
        <test-method signature="testcase3()[pri:0, instance:com.lbrce.devopsf.UserVerificationTest@d21a74c]" started-at="2023-10-09T11:37:48 IST" name="testcase3" finished-at="2023-10-09T11:37:48 IST" duration-ms="0" status="PASS">
          <reporter-output>
          </reporter-output>
        </test-method> <!-- testcase3 -->
        <test-method signature="testcase4()[pri:0, instance:com.lbrce.devopsf.UserVerificationTest@d21a74c]" started-at="2023-10-09T11:37:48 IST" name="testcase4" finished-at="2023-10-09T11:37:48 IST" duration-ms="0" status="PASS">
          <reporter-output>
          </reporter-output>
        </test-method> <!-- testcase4 -->
      </class> <!-- com.lbrce.devopsf.UserVerificationTest -->
    </test> <!-- Surefire test -->
  </suite> <!-- Surefire suite -->
</testng-results>
